[INFO] Scanning for projects...
[INFO] 
[INFO] ----------------------< com.resumeopt:resumeopt >-----------------------
[INFO] Building ResumeOpt 0.1.0
[INFO]   from pom.xml
[INFO] --------------------------------[ jar ]---------------------------------
[INFO] 
[INFO] --- clean:3.2.0:clean (default-clean) @ resumeopt ---
[INFO] Deleting D:\resumeoptmizer\target
[INFO] 
[INFO] --- resources:3.3.1:resources (default-resources) @ resumeopt ---
[INFO] Copying 28 resources from src\main\resources to target\classes
[INFO] 
[INFO] --- compiler:3.11.0:compile (default-compile) @ resumeopt ---
[INFO] Changes detected - recompiling the module! :source
[INFO] Compiling 119 source files with javac [debug release 17] to target\classes
[INFO] -------------------------------------------------------------
[ERROR] COMPILATION ERROR : 
[INFO] -------------------------------------------------------------
[ERROR] /D:/resumeoptmizer/src/main/java/com/resumeopt/service/JobPortalScraperService.java:[93,17] 'try' without 'catch', 'finally' or resource declarations
[ERROR] /D:/resumeoptmizer/src/main/java/com/resumeopt/service/JobPortalScraperService.java:[122,27] ';' expected
[ERROR] /D:/resumeoptmizer/src/main/java/com/resumeopt/service/JobPortalScraperService.java:[129,5] illegal start of expression
[INFO] 3 errors 
[INFO] -------------------------------------------------------------
[INFO] ------------------------------------------------------------------------
[INFO] BUILD FAILURE
[INFO] ------------------------------------------------------------------------
[INFO] Total time:  9.018 s
[INFO] Finished at: 2026-01-07T15:15:08+05:30
[INFO] ------------------------------------------------------------------------
[ERROR] Failed to execute goal org.apache.maven.plugins:maven-compiler-plugin:3.11.0:compile (default-compile) on project resumeopt: Compilation failure: Compilation failure: 
[ERROR] /D:/resumeoptmizer/src/main/java/com/resumeopt/service/JobPortalScraperService.java:[93,17] 'try' without 'catch', 'finally' or resource declarations
[ERROR] /D:/resumeoptmizer/src/main/java/com/resumeopt/service/JobPortalScraperService.java:[122,27] ';' expected
[ERROR] /D:/resumeoptmizer/src/main/java/com/resumeopt/service/JobPortalScraperService.java:[129,5] illegal start of expression
[ERROR] -> [Help 1]
[ERROR] 
[ERROR] To see the full stack trace of the errors, re-run Maven with the -e switch.
[ERROR] Re-run Maven using the -X switch to enable full debug logging.
[ERROR] 
[ERROR] For more information about the errors and possible solutions, please read the following articles:
[ERROR] [Help 1] http://cwiki.apache.org/confluence/display/MAVEN/MojoFailureException
